<?xml version="1.0" encoding="UTF-8"?>
<!-- Generated by org.testng.reporters.JUnitReportReporter -->
<testsuite hostname="LAPTOP-NHNEE0FH" name="AutoIt.XXX" tests="1" failures="0" timestamp="6 Jan 2019 06:41:56 GMT" time="10.344" errors="0">
  <testcase name="main" time="10.344" classname="AutoIt.XXX"/>
</testsuite> <!-- AutoIt.XXX -->
