<?xml version="1.0" encoding="UTF-8"?>
<!-- Generated by org.testng.reporters.JUnitReportReporter -->
<testsuite hostname="LAPTOP-NHNEE0FH" name="AutoIt.YYYY" tests="1" failures="0" timestamp="6 Jan 2019 07:36:02 GMT" time="5.097" errors="0">
  <testcase name="main" time="5.097" classname="AutoIt.YYYY"/>
</testsuite> <!-- AutoIt.YYYY -->
